<?xml version="1.0" encoding="UTF-8"?>
<testsuite name="com.thoughtworks.capability.gtb.basicquiz.service.UserServiceTest$SaveUser" tests="1" skipped="0" failures="0" errors="0" timestamp="2020-09-26T12:54:19" hostname="192.168.0.100" time="0.604">
  <properties/>
  <testcase name="should_return_user_when_save_user()" classname="com.thoughtworks.capability.gtb.basicquiz.service.UserServiceTest$SaveUser" time="0.604"/>
  <system-out><![CDATA[20:54:19.879 [Test worker] INFO com.github.dozermapper.core.util.RuntimeUtils - OSGi support is false
20:54:19.886 [Test worker] INFO com.github.dozermapper.core.DozerBeanMapperBuilder - Initializing Dozer. Version: 6.5.0, Thread Name: Test worker
20:54:19.889 [Test worker] INFO com.github.dozermapper.core.config.resolvers.LegacyPropertiesSettingsResolver - Trying to find Dozer configuration file: dozer.properties
20:54:19.890 [Test worker] INFO com.github.dozermapper.core.config.resolvers.LegacyPropertiesSettingsResolver - Failed to find dozer.properties via com.github.dozermapper.core.config.resolvers.LegacyPropertiesSettingsResolver.
20:54:19.895 [Test worker] INFO com.github.dozermapper.core.el.ELExpressionFactory - javax.el support is true
20:54:19.932 [Test worker] DEBUG org.apache.commons.beanutils.converters.BooleanConverter - Setting default value: false
20:54:19.932 [Test worker] DEBUG org.apache.commons.beanutils.converters.BooleanConverter - Converting 'Boolean' value 'false' to type 'Boolean'
20:54:19.932 [Test worker] DEBUG org.apache.commons.beanutils.converters.BooleanConverter -     No conversion required, value is already a Boolean
20:54:19.932 [Test worker] DEBUG org.apache.commons.beanutils.converters.ByteConverter - Setting default value: 0
20:54:19.932 [Test worker] DEBUG org.apache.commons.beanutils.converters.ByteConverter - Converting 'Integer' value '0' to type 'Byte'
20:54:19.932 [Test worker] DEBUG org.apache.commons.beanutils.converters.ByteConverter -     Converted to Byte value '0'
20:54:19.933 [Test worker] DEBUG org.apache.commons.beanutils.converters.CharacterConverter - Setting default value:  
20:54:19.933 [Test worker] DEBUG org.apache.commons.beanutils.converters.CharacterConverter - Converting 'Character' value ' ' to type 'Character'
20:54:19.933 [Test worker] DEBUG org.apache.commons.beanutils.converters.CharacterConverter -     No conversion required, value is already a Character
20:54:19.933 [Test worker] DEBUG org.apache.commons.beanutils.converters.DoubleConverter - Setting default value: 0
20:54:19.933 [Test worker] DEBUG org.apache.commons.beanutils.converters.DoubleConverter - Converting 'Integer' value '0' to type 'Double'
20:54:19.933 [Test worker] DEBUG org.apache.commons.beanutils.converters.DoubleConverter -     Converted to Double value '0.0'
20:54:19.933 [Test worker] DEBUG org.apache.commons.beanutils.converters.FloatConverter - Setting default value: 0
20:54:19.933 [Test worker] DEBUG org.apache.commons.beanutils.converters.FloatConverter - Converting 'Integer' value '0' to type 'Float'
20:54:19.933 [Test worker] DEBUG org.apache.commons.beanutils.converters.FloatConverter -     Converted to Float value '0.0'
20:54:19.933 [Test worker] DEBUG org.apache.commons.beanutils.converters.IntegerConverter - Setting default value: 0
20:54:19.933 [Test worker] DEBUG org.apache.commons.beanutils.converters.IntegerConverter - Converting 'Integer' value '0' to type 'Integer'
20:54:19.934 [Test worker] DEBUG org.apache.commons.beanutils.converters.IntegerConverter -     No conversion required, value is already a Integer
20:54:19.934 [Test worker] DEBUG org.apache.commons.beanutils.converters.LongConverter - Setting default value: 0
20:54:19.934 [Test worker] DEBUG org.apache.commons.beanutils.converters.LongConverter - Converting 'Integer' value '0' to type 'Long'
20:54:19.934 [Test worker] DEBUG org.apache.commons.beanutils.converters.LongConverter -     Converted to Long value '0'
20:54:19.934 [Test worker] DEBUG org.apache.commons.beanutils.converters.ShortConverter - Setting default value: 0
20:54:19.934 [Test worker] DEBUG org.apache.commons.beanutils.converters.ShortConverter - Converting 'Integer' value '0' to type 'Short'
20:54:19.934 [Test worker] DEBUG org.apache.commons.beanutils.converters.ShortConverter -     Converted to Short value '0'
20:54:19.935 [Test worker] DEBUG org.apache.commons.beanutils.converters.BigDecimalConverter - Setting default value: 0.0
20:54:19.935 [Test worker] DEBUG org.apache.commons.beanutils.converters.BigDecimalConverter - Converting 'BigDecimal' value '0.0' to type 'BigDecimal'
20:54:19.935 [Test worker] DEBUG org.apache.commons.beanutils.converters.BigDecimalConverter -     No conversion required, value is already a BigDecimal
20:54:19.935 [Test worker] DEBUG org.apache.commons.beanutils.converters.BigIntegerConverter - Setting default value: 0
20:54:19.935 [Test worker] DEBUG org.apache.commons.beanutils.converters.BigIntegerConverter - Converting 'BigInteger' value '0' to type 'BigInteger'
20:54:19.935 [Test worker] DEBUG org.apache.commons.beanutils.converters.BigIntegerConverter -     No conversion required, value is already a BigInteger
20:54:19.935 [Test worker] DEBUG org.apache.commons.beanutils.converters.BooleanConverter - Setting default value: false
20:54:19.935 [Test worker] DEBUG org.apache.commons.beanutils.converters.BooleanConverter - Converting 'Boolean' value 'false' to type 'Boolean'
20:54:19.935 [Test worker] DEBUG org.apache.commons.beanutils.converters.BooleanConverter -     No conversion required, value is already a Boolean
20:54:19.935 [Test worker] DEBUG org.apache.commons.beanutils.converters.ByteConverter - Setting default value: 0
20:54:19.935 [Test worker] DEBUG org.apache.commons.beanutils.converters.ByteConverter - Converting 'Integer' value '0' to type 'Byte'
20:54:19.935 [Test worker] DEBUG org.apache.commons.beanutils.converters.ByteConverter -     Converted to Byte value '0'
20:54:19.936 [Test worker] DEBUG org.apache.commons.beanutils.converters.CharacterConverter - Setting default value:  
20:54:19.936 [Test worker] DEBUG org.apache.commons.beanutils.converters.CharacterConverter - Converting 'Character' value ' ' to type 'Character'
20:54:19.936 [Test worker] DEBUG org.apache.commons.beanutils.converters.CharacterConverter -     No conversion required, value is already a Character
20:54:19.936 [Test worker] DEBUG org.apache.commons.beanutils.converters.DoubleConverter - Setting default value: 0
20:54:19.936 [Test worker] DEBUG org.apache.commons.beanutils.converters.DoubleConverter - Converting 'Integer' value '0' to type 'Double'
20:54:19.936 [Test worker] DEBUG org.apache.commons.beanutils.converters.DoubleConverter -     Converted to Double value '0.0'
20:54:19.936 [Test worker] DEBUG org.apache.commons.beanutils.converters.FloatConverter - Setting default value: 0
20:54:19.936 [Test worker] DEBUG org.apache.commons.beanutils.converters.FloatConverter - Converting 'Integer' value '0' to type 'Float'
20:54:19.936 [Test worker] DEBUG org.apache.commons.beanutils.converters.FloatConverter -     Converted to Float value '0.0'
20:54:19.936 [Test worker] DEBUG org.apache.commons.beanutils.converters.IntegerConverter - Setting default value: 0
20:54:19.936 [Test worker] DEBUG org.apache.commons.beanutils.converters.IntegerConverter - Converting 'Integer' value '0' to type 'Integer'
20:54:19.937 [Test worker] DEBUG org.apache.commons.beanutils.converters.IntegerConverter -     No conversion required, value is already a Integer
20:54:19.937 [Test worker] DEBUG org.apache.commons.beanutils.converters.LongConverter - Setting default value: 0
20:54:19.937 [Test worker] DEBUG org.apache.commons.beanutils.converters.LongConverter - Converting 'Integer' value '0' to type 'Long'
20:54:19.937 [Test worker] DEBUG org.apache.commons.beanutils.converters.LongConverter -     Converted to Long value '0'
20:54:19.937 [Test worker] DEBUG org.apache.commons.beanutils.converters.ShortConverter - Setting default value: 0
20:54:19.937 [Test worker] DEBUG org.apache.commons.beanutils.converters.ShortConverter - Converting 'Integer' value '0' to type 'Short'
20:54:19.937 [Test worker] DEBUG org.apache.commons.beanutils.converters.ShortConverter -     Converted to Short value '0'
20:54:19.937 [Test worker] DEBUG org.apache.commons.beanutils.converters.StringConverter - Setting default value: 
20:54:19.937 [Test worker] DEBUG org.apache.commons.beanutils.converters.StringConverter - Converting 'String' value '' to type 'String'
20:54:19.940 [Test worker] DEBUG org.apache.commons.beanutils.converters.ArrayConverter - Setting default value: [Z@4efd3c45
20:54:19.940 [Test worker] DEBUG org.apache.commons.beanutils.converters.ArrayConverter - Converting 'boolean[]' value '[Z@4efd3c45' to type 'boolean[]'
20:54:19.940 [Test worker] DEBUG org.apache.commons.beanutils.converters.ArrayConverter -     No conversion required, value is already a boolean[]
20:54:19.941 [Test worker] DEBUG org.apache.commons.beanutils.converters.ArrayConverter - Setting default value: [B@3d6dfb42
20:54:19.941 [Test worker] DEBUG org.apache.commons.beanutils.converters.ArrayConverter - Converting 'byte[]' value '[B@3d6dfb42' to type 'byte[]'
20:54:19.941 [Test worker] DEBUG org.apache.commons.beanutils.converters.ArrayConverter -     No conversion required, value is already a byte[]
20:54:19.941 [Test worker] DEBUG org.apache.commons.beanutils.converters.ArrayConverter - Setting default value: [C@74b27a91
20:54:19.941 [Test worker] DEBUG org.apache.commons.beanutils.converters.ArrayConverter - Converting 'char[]' value '[C@74b27a91' to type 'char[]'
20:54:19.941 [Test worker] DEBUG org.apache.commons.beanutils.converters.ArrayConverter -     No conversion required, value is already a char[]
20:54:19.941 [Test worker] DEBUG org.apache.commons.beanutils.converters.ArrayConverter - Setting default value: [D@451c1dbe
20:54:19.941 [Test worker] DEBUG org.apache.commons.beanutils.converters.ArrayConverter - Converting 'double[]' value '[D@451c1dbe' to type 'double[]'
20:54:19.941 [Test worker] DEBUG org.apache.commons.beanutils.converters.ArrayConverter -     No conversion required, value is already a double[]
20:54:19.941 [Test worker] DEBUG org.apache.commons.beanutils.converters.ArrayConverter - Setting default value: [F@62a40e4c
20:54:19.941 [Test worker] DEBUG org.apache.commons.beanutils.converters.ArrayConverter - Converting 'float[]' value '[F@62a40e4c' to type 'float[]'
20:54:19.941 [Test worker] DEBUG org.apache.commons.beanutils.converters.ArrayConverter -     No conversion required, value is already a float[]
20:54:19.941 [Test worker] DEBUG org.apache.commons.beanutils.converters.ArrayConverter - Setting default value: [I@30c15eb1
20:54:19.942 [Test worker] DEBUG org.apache.commons.beanutils.converters.ArrayConverter - Converting 'int[]' value '[I@30c15eb1' to type 'int[]'
20:54:19.942 [Test worker] DEBUG org.apache.commons.beanutils.converters.ArrayConverter -     No conversion required, value is already a int[]
20:54:19.942 [Test worker] DEBUG org.apache.commons.beanutils.converters.ArrayConverter - Setting default value: [J@5740dcca
20:54:19.942 [Test worker] DEBUG org.apache.commons.beanutils.converters.ArrayConverter - Converting 'long[]' value '[J@5740dcca' to type 'long[]'
20:54:19.942 [Test worker] DEBUG org.apache.commons.beanutils.converters.ArrayConverter -     No conversion required, value is already a long[]
20:54:19.942 [Test worker] DEBUG org.apache.commons.beanutils.converters.ArrayConverter - Setting default value: [S@7294ca71
20:54:19.942 [Test worker] DEBUG org.apache.commons.beanutils.converters.ArrayConverter - Converting 'short[]' value '[S@7294ca71' to type 'short[]'
20:54:19.942 [Test worker] DEBUG org.apache.commons.beanutils.converters.ArrayConverter -     No conversion required, value is already a short[]
20:54:19.943 [Test worker] DEBUG org.apache.commons.beanutils.converters.ArrayConverter - Setting default value: [Ljava.math.BigDecimal;@30007c01
20:54:19.943 [Test worker] DEBUG org.apache.commons.beanutils.converters.ArrayConverter - Converting 'BigDecimal[]' value '[Ljava.math.BigDecimal;@30007c01' to type 'BigDecimal[]'
20:54:19.943 [Test worker] DEBUG org.apache.commons.beanutils.converters.ArrayConverter -     No conversion required, value is already a BigDecimal[]
20:54:19.943 [Test worker] DEBUG org.apache.commons.beanutils.converters.ArrayConverter - Setting default value: [Ljava.math.BigInteger;@5b79a371
20:54:19.943 [Test worker] DEBUG org.apache.commons.beanutils.converters.ArrayConverter - Converting 'BigInteger[]' value '[Ljava.math.BigInteger;@5b79a371' to type 'BigInteger[]'
20:54:19.943 [Test worker] DEBUG org.apache.commons.beanutils.converters.ArrayConverter -     No conversion required, value is already a BigInteger[]
20:54:19.943 [Test worker] DEBUG org.apache.commons.beanutils.converters.ArrayConverter - Setting default value: [Ljava.lang.Boolean;@3cb9a8b5
20:54:19.943 [Test worker] DEBUG org.apache.commons.beanutils.converters.ArrayConverter - Converting 'Boolean[]' value '[Ljava.lang.Boolean;@3cb9a8b5' to type 'Boolean[]'
20:54:19.943 [Test worker] DEBUG org.apache.commons.beanutils.converters.ArrayConverter -     No conversion required, value is already a Boolean[]
20:54:19.943 [Test worker] DEBUG org.apache.commons.beanutils.converters.ArrayConverter - Setting default value: [Ljava.lang.Byte;@547e1bf7
20:54:19.943 [Test worker] DEBUG org.apache.commons.beanutils.converters.ArrayConverter - Converting 'Byte[]' value '[Ljava.lang.Byte;@547e1bf7' to type 'Byte[]'
20:54:19.944 [Test worker] DEBUG org.apache.commons.beanutils.converters.ArrayConverter -     No conversion required, value is already a Byte[]
20:54:19.944 [Test worker] DEBUG org.apache.commons.beanutils.converters.ArrayConverter - Setting default value: [Ljava.lang.Character;@aa3d700
20:54:19.944 [Test worker] DEBUG org.apache.commons.beanutils.converters.ArrayConverter - Converting 'Character[]' value '[Ljava.lang.Character;@aa3d700' to type 'Character[]'
20:54:19.944 [Test worker] DEBUG org.apache.commons.beanutils.converters.ArrayConverter -     No conversion required, value is already a Character[]
20:54:19.944 [Test worker] DEBUG org.apache.commons.beanutils.converters.ArrayConverter - Setting default value: [Ljava.lang.Double;@7bae3ae1
20:54:19.944 [Test worker] DEBUG org.apache.commons.beanutils.converters.ArrayConverter - Converting 'Double[]' value '[Ljava.lang.Double;@7bae3ae1' to type 'Double[]'
20:54:19.944 [Test worker] DEBUG org.apache.commons.beanutils.converters.ArrayConverter -     No conversion required, value is already a Double[]
20:54:19.944 [Test worker] DEBUG org.apache.commons.beanutils.converters.ArrayConverter - Setting default value: [Ljava.lang.Float;@4fe65d6a
20:54:19.944 [Test worker] DEBUG org.apache.commons.beanutils.converters.ArrayConverter - Converting 'Float[]' value '[Ljava.lang.Float;@4fe65d6a' to type 'Float[]'
20:54:19.944 [Test worker] DEBUG org.apache.commons.beanutils.converters.ArrayConverter -     No conversion required, value is already a Float[]
20:54:19.944 [Test worker] DEBUG org.apache.commons.beanutils.converters.ArrayConverter - Setting default value: [Ljava.lang.Integer;@511ac8ff
20:54:19.944 [Test worker] DEBUG org.apache.commons.beanutils.converters.ArrayConverter - Converting 'Integer[]' value '[Ljava.lang.Integer;@511ac8ff' to type 'Integer[]'
20:54:19.944 [Test worker] DEBUG org.apache.commons.beanutils.converters.ArrayConverter -     No conversion required, value is already a Integer[]
20:54:19.945 [Test worker] DEBUG org.apache.commons.beanutils.converters.ArrayConverter - Setting default value: [Ljava.lang.Long;@209a615c
20:54:19.945 [Test worker] DEBUG org.apache.commons.beanutils.converters.ArrayConverter - Converting 'Long[]' value '[Ljava.lang.Long;@209a615c' to type 'Long[]'
20:54:19.945 [Test worker] DEBUG org.apache.commons.beanutils.converters.ArrayConverter -     No conversion required, value is already a Long[]
20:54:19.945 [Test worker] DEBUG org.apache.commons.beanutils.converters.ArrayConverter - Setting default value: [Ljava.lang.Short;@5d6a7528
20:54:19.945 [Test worker] DEBUG org.apache.commons.beanutils.converters.ArrayConverter - Converting 'Short[]' value '[Ljava.lang.Short;@5d6a7528' to type 'Short[]'
20:54:19.945 [Test worker] DEBUG org.apache.commons.beanutils.converters.ArrayConverter -     No conversion required, value is already a Short[]
20:54:19.945 [Test worker] DEBUG org.apache.commons.beanutils.converters.ArrayConverter - Setting default value: [Ljava.lang.String;@4a56d544
20:54:19.945 [Test worker] DEBUG org.apache.commons.beanutils.converters.ArrayConverter - Converting 'String[]' value '[Ljava.lang.String;@4a56d544' to type 'String[]'
20:54:19.945 [Test worker] DEBUG org.apache.commons.beanutils.converters.ArrayConverter -     No conversion required, value is already a String[]
20:54:19.945 [Test worker] DEBUG org.apache.commons.beanutils.converters.ArrayConverter - Setting default value: [Ljava.lang.Class;@4d8cb1c1
20:54:19.945 [Test worker] DEBUG org.apache.commons.beanutils.converters.ArrayConverter - Converting 'Class[]' value '[Ljava.lang.Class;@4d8cb1c1' to type 'Class[]'
20:54:19.945 [Test worker] DEBUG org.apache.commons.beanutils.converters.ArrayConverter -     No conversion required, value is already a Class[]
20:54:19.946 [Test worker] DEBUG org.apache.commons.beanutils.converters.ArrayConverter - Setting default value: [Ljava.util.Date;@3e6fb9ad
20:54:19.946 [Test worker] DEBUG org.apache.commons.beanutils.converters.ArrayConverter - Converting 'Date[]' value '[Ljava.util.Date;@3e6fb9ad' to type 'Date[]'
20:54:19.946 [Test worker] DEBUG org.apache.commons.beanutils.converters.ArrayConverter -     No conversion required, value is already a Date[]
20:54:19.946 [Test worker] DEBUG org.apache.commons.beanutils.converters.ArrayConverter - Setting default value: [Ljava.util.Calendar;@4ca247d8
20:54:19.946 [Test worker] DEBUG org.apache.commons.beanutils.converters.ArrayConverter - Converting 'Calendar[]' value '[Ljava.util.Calendar;@4ca247d8' to type 'Calendar[]'
20:54:19.946 [Test worker] DEBUG org.apache.commons.beanutils.converters.ArrayConverter -     No conversion required, value is already a Calendar[]
20:54:19.946 [Test worker] DEBUG org.apache.commons.beanutils.converters.ArrayConverter - Setting default value: [Ljava.io.File;@27699ac9
20:54:19.946 [Test worker] DEBUG org.apache.commons.beanutils.converters.ArrayConverter - Converting 'java.io.File[]' value '[Ljava.io.File;@27699ac9' to type 'java.io.File[]'
20:54:19.946 [Test worker] DEBUG org.apache.commons.beanutils.converters.ArrayConverter -     No conversion required, value is already a java.io.File[]
20:54:19.947 [Test worker] DEBUG org.apache.commons.beanutils.converters.ArrayConverter - Setting default value: [Ljava.sql.Date;@5b684403
20:54:19.947 [Test worker] DEBUG org.apache.commons.beanutils.converters.ArrayConverter - Converting 'java.sql.Date[]' value '[Ljava.sql.Date;@5b684403' to type 'java.sql.Date[]'
20:54:19.947 [Test worker] DEBUG org.apache.commons.beanutils.converters.ArrayConverter -     No conversion required, value is already a java.sql.Date[]
20:54:19.947 [Test worker] DEBUG org.apache.commons.beanutils.converters.ArrayConverter - Setting default value: [Ljava.sql.Time;@13bec919
20:54:19.947 [Test worker] DEBUG org.apache.commons.beanutils.converters.ArrayConverter - Converting 'java.sql.Time[]' value '[Ljava.sql.Time;@13bec919' to type 'java.sql.Time[]'
20:54:19.947 [Test worker] DEBUG org.apache.commons.beanutils.converters.ArrayConverter -     No conversion required, value is already a java.sql.Time[]
20:54:19.947 [Test worker] DEBUG org.apache.commons.beanutils.converters.ArrayConverter - Setting default value: [Ljava.sql.Timestamp;@5d6d1548
20:54:19.947 [Test worker] DEBUG org.apache.commons.beanutils.converters.ArrayConverter - Converting 'java.sql.Timestamp[]' value '[Ljava.sql.Timestamp;@5d6d1548' to type 'java.sql.Timestamp[]'
20:54:19.947 [Test worker] DEBUG org.apache.commons.beanutils.converters.ArrayConverter -     No conversion required, value is already a java.sql.Timestamp[]
20:54:19.947 [Test worker] DEBUG org.apache.commons.beanutils.converters.ArrayConverter - Setting default value: [Ljava.net.URL;@1561062f
20:54:19.948 [Test worker] DEBUG org.apache.commons.beanutils.converters.ArrayConverter - Converting 'java.net.URL[]' value '[Ljava.net.URL;@1561062f' to type 'java.net.URL[]'
20:54:19.948 [Test worker] DEBUG org.apache.commons.beanutils.converters.ArrayConverter -     No conversion required, value is already a java.net.URL[]
20:54:19.980 [Test worker] DEBUG org.apache.commons.beanutils.converters.LongConverter - Converting 'Long' value '1' to type 'Long'
20:54:19.981 [Test worker] DEBUG org.apache.commons.beanutils.converters.LongConverter -     No conversion required, value is already a Long
20:54:19.981 [Test worker] DEBUG com.github.dozermapper.core.fieldmap.FieldMap - Getting ready to invoke write method on the destination object. Dest Obj: User, Dest value: 1
20:54:19.981 [Test worker] DEBUG com.github.dozermapper.core.MappingProcessor - MAPPED: UserDTO.id --> User.id    VALUES: 1 --> 1    MAPID: 
20:54:19.981 [Test worker] DEBUG com.github.dozermapper.core.fieldmap.FieldMap - Getting ready to invoke write method on the destination object. Dest Obj: User, Dest value: user test
20:54:19.982 [Test worker] DEBUG com.github.dozermapper.core.MappingProcessor - MAPPED: UserDTO.description --> User.description    VALUES: user test --> user test    MAPID: 
20:54:19.982 [Test worker] DEBUG com.github.dozermapper.core.fieldmap.FieldMap - Getting ready to invoke write method on the destination object. Dest Obj: User, Dest value: http://...
20:54:19.982 [Test worker] DEBUG com.github.dozermapper.core.MappingProcessor - MAPPED: UserDTO.avatar --> User.avatar    VALUES: http://... --> http://...    MAPID: 
20:54:19.982 [Test worker] DEBUG com.github.dozermapper.core.fieldmap.FieldMap - Getting ready to invoke write method on the destination object. Dest Obj: User, Dest value: 11
20:54:19.982 [Test worker] DEBUG com.github.dozermapper.core.MappingProcessor - MAPPED: UserDTO.name --> User.name    VALUES: 11 --> 11    MAPID: 
20:54:19.982 [Test worker] DEBUG org.apache.commons.beanutils.converters.LongConverter - Converting 'Long' value '25' to type 'Long'
20:54:19.982 [Test worker] DEBUG org.apache.commons.beanutils.converters.LongConverter -     No conversion required, value is already a Long
20:54:19.982 [Test worker] DEBUG com.github.dozermapper.core.fieldmap.FieldMap - Getting ready to invoke write method on the destination object. Dest Obj: User, Dest value: 25
20:54:19.983 [Test worker] DEBUG com.github.dozermapper.core.MappingProcessor - MAPPED: UserDTO.age --> User.age    VALUES: 25 --> 25    MAPID: 
20:54:19.986 [Test worker] DEBUG org.apache.commons.beanutils.converters.LongConverter - Converting 'Long' value '1' to type 'Long'
20:54:19.986 [Test worker] DEBUG org.apache.commons.beanutils.converters.LongConverter -     No conversion required, value is already a Long
20:54:19.986 [Test worker] DEBUG com.github.dozermapper.core.fieldmap.FieldMap - Getting ready to invoke write method on the destination object. Dest Obj: UserDTO, Dest value: 1
20:54:19.986 [Test worker] DEBUG com.github.dozermapper.core.MappingProcessor - MAPPED: User.id --> UserDTO.id    VALUES: 1 --> 1    MAPID: 
20:54:19.986 [Test worker] DEBUG com.github.dozermapper.core.fieldmap.FieldMap - Getting ready to invoke write method on the destination object. Dest Obj: UserDTO, Dest value: saved user
20:54:19.986 [Test worker] DEBUG com.github.dozermapper.core.MappingProcessor - MAPPED: User.description --> UserDTO.description    VALUES: saved user --> saved user    MAPID: 
20:54:19.987 [Test worker] DEBUG com.github.dozermapper.core.fieldmap.FieldMap - Getting ready to invoke write method on the destination object. Dest Obj: UserDTO, Dest value: http://...
20:54:19.987 [Test worker] DEBUG com.github.dozermapper.core.MappingProcessor - MAPPED: User.avatar --> UserDTO.avatar    VALUES: http://... --> http://...    MAPID: 
20:54:19.987 [Test worker] DEBUG com.github.dozermapper.core.fieldmap.FieldMap - Getting ready to invoke write method on the destination object. Dest Obj: UserDTO, Dest value: 11
20:54:19.987 [Test worker] DEBUG com.github.dozermapper.core.MappingProcessor - MAPPED: User.name --> UserDTO.name    VALUES: 11 --> 11    MAPID: 
20:54:19.987 [Test worker] DEBUG org.apache.commons.beanutils.converters.LongConverter - Converting 'Long' value '25' to type 'Long'
20:54:19.987 [Test worker] DEBUG org.apache.commons.beanutils.converters.LongConverter -     No conversion required, value is already a Long
20:54:19.987 [Test worker] DEBUG com.github.dozermapper.core.fieldmap.FieldMap - Getting ready to invoke write method on the destination object. Dest Obj: UserDTO, Dest value: 25
20:54:19.988 [Test worker] DEBUG com.github.dozermapper.core.MappingProcessor - MAPPED: User.age --> UserDTO.age    VALUES: 25 --> 25    MAPID: 
]]></system-out>
  <system-err><![CDATA[]]></system-err>
</testsuite>
